SF:lib/features/hotels/presentation/widgets/hotel_card.dart
DA:5,1
DA:16,1
DA:18,1
DA:23,1
DA:25,1
DA:26,1
DA:27,1
DA:28,1
DA:33,1
DA:35,1
DA:36,1
DA:37,2
DA:38,3
DA:40,2
DA:41,1
DA:42,2
DA:43,3
DA:49,1
DA:50,1
DA:51,1
DA:52,1
DA:53,4
LF:22
LH:22
end_of_record
SF:lib/core/network/api_client.dart
DA:2,0
LF:1
LH:0
end_of_record
SF:lib/core/network/api_client_impl.dart
DA:10,0
DA:11,0
DA:18,0
DA:22,0
DA:29,0
DA:30,0
DA:33,0
DA:34,0
DA:36,0
LF:9
LH:0
end_of_record
SF:lib/features/favorites/data/data_sources/favorites_local_data_source_hive_impl.dart
DA:16,0
DA:17,0
DA:18,0
DA:22,0
DA:24,0
DA:25,0
DA:26,0
DA:29,0
DA:31,0
DA:34,0
DA:36,0
DA:39,0
DA:41,0
DA:42,0
DA:43,0
DA:47,0
DA:49,0
LF:17
LH:0
end_of_record
SF:lib/features/favorites/data/repositories/favorites_repository_impl.dart
DA:11,0
DA:15,0
DA:17,0
DA:20,0
DA:22,0
DA:25,0
DA:27,0
DA:30,0
DA:32,0
DA:35,0
DA:37,0
LF:11
LH:0
end_of_record
SF:lib/features/favorites/domain/usecases/add_favorite_usecase.dart
DA:10,0
DA:14,0
DA:15,0
LF:3
LH:0
end_of_record
SF:lib/features/favorites/domain/usecases/check_favorite_usecase.dart
DA:10,0
DA:14,0
DA:15,0
LF:3
LH:0
end_of_record
SF:lib/features/favorites/domain/usecases/get_favorites_usecase.dart
DA:10,0
DA:14,0
DA:15,0
LF:3
LH:0
end_of_record
SF:lib/features/favorites/domain/usecases/remove_favorite_usecase.dart
DA:10,0
DA:14,0
DA:15,0
LF:3
LH:0
end_of_record
SF:lib/features/favorites/domain/usecases/watch_favorites_usecase.dart
DA:10,0
DA:14,0
DA:15,0
LF:3
LH:0
end_of_record
SF:lib/features/hotels/data/data_sources/hotels_remote_data_source_serpapi_impl.dart
DA:16,0
DA:20,0
DA:25,0
DA:28,0
DA:29,0
DA:30,0
DA:31,0
DA:32,0
DA:33,0
DA:34,0
DA:37,0
LF:11
LH:0
end_of_record
SF:lib/features/hotels/data/repositories/hotels_repository_impl.dart
DA:12,0
DA:16,0
DA:21,0
LF:3
LH:0
end_of_record
SF:lib/features/hotels/domain/usecases/fetch_hotels_usecase.dart
DA:11,0
DA:15,0
DA:19,0
LF:3
LH:0
end_of_record
SF:lib/core/di/injectable.dart
DA:6,0
DA:8,0
DA:9,0
LF:3
LH:0
end_of_record
SF:lib/core/models/paginated_response.dart
DA:4,0
DA:12,0
DA:13,0
LF:3
LH:0
end_of_record
SF:lib/core/navigation/app_router.dart
DA:7,0
DA:9,0
DA:10,0
DA:12,0
DA:14,0
DA:15,0
DA:16,0
DA:17,0
DA:18,0
LF:9
LH:0
end_of_record
SF:lib/features/account/presentation/pages/account_page.dart
DA:9,1
DA:11,0
DA:13,0
DA:14,0
DA:15,0
DA:17,0
DA:18,0
DA:21,0
LF:8
LH:1
end_of_record
SF:lib/features/dashboard/presentation/pages/dashboard_page.dart
DA:10,1
DA:12,0
DA:14,0
DA:21,0
DA:22,0
DA:23,0
DA:24,0
DA:25,0
DA:26,0
DA:27,0
DA:28,0
DA:29,0
DA:31,0
DA:32,0
DA:33,0
DA:34,0
DA:36,0
DA:37,0
DA:38,0
DA:39,0
DA:41,0
DA:42,0
DA:43,0
DA:44,0
LF:24
LH:1
end_of_record
SF:lib/features/favorites/presentation/pages/favorites_page.dart
DA:12,1
DA:14,0
DA:16,0
DA:17,0
DA:18,0
DA:20,0
DA:21,0
DA:22,0
DA:23,0
DA:24,0
DA:27,0
DA:31,0
DA:32,0
DA:33,0
DA:34,0
DA:35,0
DA:36,0
DA:39,0
DA:40,0
DA:42,0
DA:44,0
LF:21
LH:1
end_of_record
SF:lib/features/hotels/presentation/pages/hotels_page.dart
DA:13,1
DA:15,0
DA:16,0
DA:23,0
DA:25,0
DA:26,0
DA:27,0
DA:31,0
DA:33,0
DA:34,0
DA:35,0
DA:38,0
DA:39,0
DA:40,0
DA:41,0
DA:42,0
DA:43,0
DA:53,0
DA:54,0
DA:55,0
DA:56,0
DA:57,0
DA:61,0
DA:62,0
DA:65,0
DA:67,0
DA:68,0
DA:70,0
DA:71,0
DA:72,0
DA:75,0
DA:76,0
DA:77,0
DA:78,0
DA:79,0
DA:80,0
DA:82,0
DA:83,0
DA:84,0
DA:86,0
DA:87,0
DA:88,0
DA:89,0
DA:90,0
DA:93,0
DA:94,0
DA:95,0
DA:101,0
DA:102,0
DA:105,0
DA:110,0
DA:111,0
DA:112,0
DA:113,0
DA:114,0
DA:115,0
DA:116,0
DA:117,0
DA:118,0
DA:119,0
DA:120,0
DA:121,0
DA:124,0
DA:125,0
DA:127,0
DA:129,0
DA:137,0
DA:138,0
DA:139,0
DA:141,0
DA:142,0
DA:146,0
DA:147,0
DA:148,0
DA:150,0
DA:152,0
DA:153,0
DA:154,0
DA:155,0
DA:156,0
DA:159,0
DA:160,0
DA:161,0
LF:83
LH:1
end_of_record
SF:lib/features/overview/presentation/pages/overview_page.dart
DA:9,1
DA:11,0
DA:13,0
DA:14,0
DA:15,0
DA:17,0
DA:18,0
DA:21,0
LF:8
LH:1
end_of_record
SF:lib/features/favorites/data/mappers/hive/hive_hotel_mapper.dart
DA:6,0
DA:7,0
DA:8,0
DA:9,0
DA:10,0
DA:16,0
DA:17,0
DA:18,0
DA:19,0
DA:20,0
LF:10
LH:0
end_of_record
SF:lib/features/favorites/data/mappers/hive/hive_location_mapper.dart
DA:5,0
DA:6,0
DA:7,0
DA:8,0
DA:14,0
DA:15,0
DA:16,0
DA:17,0
LF:8
LH:0
end_of_record
SF:lib/features/favorites/data/models/hive/hive_hotel.dart
DA:9,0
DA:19,0
DA:20,0
DA:22,0
LF:4
LH:0
end_of_record
SF:lib/features/favorites/data/models/hive/hive_hotel.g.dart
DA:9,0
DA:10,0
DA:11,0
DA:12,0
DA:15,0
DA:16,0
DA:17,0
DA:18,0
LF:8
LH:0
end_of_record
SF:lib/features/favorites/data/models/hive/hive_location.dart
DA:7,0
DA:15,0
DA:16,0
DA:18,0
LF:4
LH:0
end_of_record
SF:lib/features/favorites/data/models/hive/hive_location.g.dart
DA:9,0
DA:10,0
DA:11,0
DA:14,0
DA:15,0
DA:16,0
DA:17,0
LF:7
LH:0
end_of_record
SF:lib/features/favorites/presentation/bloc/favorites_bloc.dart
DA:20,0
DA:29,0
DA:30,0
DA:31,0
DA:32,0
DA:33,0
DA:36,0
DA:37,0
DA:38,0
DA:39,0
DA:43,0
DA:45,0
DA:46,0
DA:49,0
DA:53,0
DA:56,0
DA:60,0
DA:63,0
DA:67,0
LF:19
LH:0
end_of_record
SF:lib/features/favorites/presentation/bloc/favorites_state.dart
DA:4,0
DA:12,0
DA:14,0
DA:15,0
LF:4
LH:0
end_of_record
SF:lib/features/favorites/presentation/bloc/favorites_event.dart
DA:4,0
DA:6,0
DA:7,0
DA:11,0
DA:17,0
DA:18,0
DA:22,0
DA:28,0
DA:29,0
DA:33,0
DA:39,0
DA:40,0
LF:12
LH:0
end_of_record
SF:lib/features/hotels/data/mappers/serpapi/serpapi_hotel_mapper.dart
DA:7,0
DA:8,0
DA:9,0
DA:10,0
DA:11,0
LF:5
LH:0
end_of_record
SF:lib/features/hotels/data/mappers/serpapi/serpapi_location_mapper.dart
DA:5,0
DA:6,0
DA:7,0
DA:8,0
LF:4
LH:0
end_of_record
SF:lib/features/hotels/data/mappers/serpapi/serpapi_response_mapper.dart
DA:8,0
DA:9,0
DA:10,0
DA:11,0
LF:4
LH:0
end_of_record
SF:lib/features/hotels/data/models/serpapi/serpapi_gps_coordinates.dart
DA:7,0
DA:15,0
DA:16,0
DA:18,0
LF:4
LH:0
end_of_record
SF:lib/features/hotels/data/models/serpapi/serpapi_gps_coordinates.g.dart
DA:9,0
DA:11,0
DA:12,0
DA:13,0
DA:16,0
DA:18,0
DA:19,0
DA:20,0
LF:8
LH:0
end_of_record
SF:lib/features/hotels/data/models/serpapi/serpapi_property.dart
DA:9,0
DA:21,0
DA:22,0
DA:24,0
LF:4
LH:0
end_of_record
SF:lib/features/hotels/data/models/serpapi/serpapi_property.g.dart
DA:9,0
DA:10,0
DA:11,0
DA:12,0
DA:13,0
DA:14,0
DA:17,0
DA:18,0
DA:19,0
DA:20,0
DA:21,0
LF:11
LH:0
end_of_record
SF:lib/features/hotels/data/models/serpapi/serpapi_pagination.dart
DA:7,0
DA:14,0
DA:15,0
DA:17,0
LF:4
LH:0
end_of_record
SF:lib/features/hotels/data/models/serpapi/serpapi_pagination.g.dart
DA:9,0
DA:10,0
DA:11,0
DA:14,0
DA:15,0
DA:16,0
LF:6
LH:0
end_of_record
SF:lib/features/hotels/data/models/serpapi/serpapi_response.dart
DA:10,0
DA:20,0
DA:21,0
DA:23,0
LF:4
LH:0
end_of_record
SF:lib/features/hotels/data/models/serpapi/serpapi_response.g.dart
DA:9,0
DA:10,0
DA:11,0
DA:12,0
DA:13,0
DA:14,0
DA:15,0
DA:18,0
DA:19,0
DA:20,0
DA:21,0
LF:11
LH:0
end_of_record
SF:lib/features/hotels/domain/entities/hotel.dart
DA:6,1
DA:16,0
DA:17,0
LF:3
LH:1
end_of_record
SF:lib/features/hotels/domain/entities/location.dart
DA:4,1
DA:12,0
DA:14,0
DA:15,0
LF:4
LH:1
end_of_record
SF:lib/features/hotels/domain/entities/search_params.dart
DA:4,0
DA:10,0
DA:11,0
DA:19,0
DA:20,0
DA:22,0
DA:27,0
DA:28,0
DA:29,0
DA:30,0
LF:10
LH:0
end_of_record
SF:lib/features/hotels/presentation/bloc/hotels_event.dart
DA:4,0
DA:6,0
DA:7,0
DA:11,0
DA:17,0
DA:18,0
DA:22,0
DA:26,0
DA:32,0
DA:33,0
DA:37,0
DA:43,0
DA:44,0
LF:13
LH:0
end_of_record
SF:lib/features/hotels/presentation/bloc/hotels_state.dart
DA:4,0
DA:20,0
DA:22,0
DA:24,0
DA:25,0
DA:26,0
DA:27,0
DA:28,0
DA:29,0
DA:30,0
DA:34,0
DA:44,0
DA:45,0
DA:46,0
DA:47,0
DA:50,0
DA:51,0
DA:52,0
LF:18
LH:0
end_of_record
SF:lib/features/hotels/presentation/bloc/hotels_bloc.dart
DA:15,0
DA:16,0
DA:17,0
DA:23,0
DA:26,0
DA:27,0
DA:28,0
DA:30,0
DA:31,0
DA:35,0
DA:36,0
DA:37,0
DA:38,0
DA:41,0
DA:45,0
DA:46,0
DA:48,0
DA:49,0
DA:53,0
DA:57,0
DA:58,0
DA:65,0
DA:66,0
DA:67,0
DA:69,0
DA:70,0
DA:71,0
DA:75,0
DA:79,0
DA:80,0
DA:82,0
DA:83,0
DA:84,0
DA:86,0
DA:88,0
DA:95,0
DA:99,0
DA:100,0
DA:102,0
LF:39
LH:0
end_of_record
SF:lib/features/hotels/presentation/widgets/search_text_field.dart
DA:6,0
DA:15,0
DA:17,0
DA:18,0
DA:19,0
DA:20,0
DA:21,0
DA:22,0
DA:23,0
DA:24,0
DA:25,0
DA:27,0
DA:29,0
DA:31,0
DA:33,0
DA:34,0
DA:35,0
DA:38,0
DA:39,0
DA:41,0
DA:43,0
LF:21
LH:0
end_of_record
SF:lib/main.dart
DA:15,0
DA:16,0
DA:17,0
DA:18,0
DA:24,0
DA:25,0
DA:26,0
DA:27,0
DA:28,0
DA:29,0
DA:33,0
DA:37,0
DA:39,0
DA:40,0
DA:41,0
DA:42,0
DA:43,0
DA:46,0
DA:47,0
DA:48,0
DA:49,0
DA:50,0
DA:51,0
DA:55,0
DA:56,0
DA:57,0
DA:58,0
DA:65,0
DA:67,0
DA:69,0
DA:72,0
DA:74,0
DA:76,0
DA:79,0
DA:82,0
DA:83,0
LF:36
LH:0
end_of_record
